#-----------------------------------------------------------
# PlanAhead v14.7 (64-bit)
# Build 321239 by xbuild on Fri Sep 27 19:29:51 MDT 2013
# Start of session at: Mon May 01 11:27:40 2023
# Process ID: 2836
# Log file: C:/lab/may1/planAhead_run_2/planAhead.log
# Journal file: C:/lab/may1/planAhead_run_2/planAhead.jou
#-----------------------------------------------------------
INFO: [Common 17-78] Attempting to get a license: PlanAhead
INFO: [Common 17-290] Got license for PlanAhead
INFO: [Common 17-86] Your PlanAhead license expires in -335 day(s)
INFO: [Device 21-36] Loading parts and site information from C:/Xilinx/14.7/ISE_DS/PlanAhead/data/parts/arch.xml
Parsing RTL primitives file [C:/Xilinx/14.7/ISE_DS/PlanAhead/data/parts/xilinx/rtl/prims/rtl_prims.xml]
Finished parsing RTL primitives file [C:/Xilinx/14.7/ISE_DS/PlanAhead/data/parts/xilinx/rtl/prims/rtl_prims.xml]
start_gui
source C:/lab/may1/pa.fromHdl.tcl
# create_project -name may1 -dir "C:/lab/may1/planAhead_run_2" -part xc6slx16csg324-3
ERROR: [Common 17-53] User Exception: Project already exists on disk, please use '-force' option to overwrite: 
     C:/lab/may1/planAhead_run_2/may1.ppr
     C:/lab/may1/planAhead_run_2/may1.data

    while executing
"create_project -name may1 -dir "C:/lab/may1/planAhead_run_2" -part xc6slx16csg324-3"
    (file "C:/lab/may1/pa.fromHdl.tcl" line 4)
