Release 14.7 - xst P.20131013 (nt64)
Copyright (c) 1995-2013 Xilinx, Inc.  All rights reserved.
--> Parameter TMPDIR set to xst/projnav.tmp


Total REAL time to Xst completion: 0.00 secs
Total CPU time to Xst completion: 0.09 secs
 
--> Parameter xsthdpdir set to xst


Total REAL time to Xst completion: 0.00 secs
Total CPU time to Xst completion: 0.09 secs
 
--> Reading design: june5.prj

TABLE OF CONTENTS
  1) Synthesis Options Summary
  2) HDL Parsing
  3) HDL Elaboration
  4) HDL Synthesis
       4.1) HDL Synthesis Report
  5) Advanced HDL Synthesis
       5.1) Advanced HDL Synthesis Report
  6) Low Level Synthesis
  7) Partition Report
  8) Design Summary
       8.1) Primitive and Black Box Usage
       8.2) Device utilization summary
       8.3) Partition Resource Summary
       8.4) Timing Report
            8.4.1) Clock Information
            8.4.2) Asynchronous Control Signals Information
            8.4.3) Timing Summary
            8.4.4) Timing Details
            8.4.5) Cross Clock Domains Report


=========================================================================
*                      Synthesis Options Summary                        *
=========================================================================
---- Source Parameters
Input File Name                    : "june5.prj"
Ignore Synthesis Constraint File   : NO

---- Target Parameters
Output File Name                   : "june5"
Output Format                      : NGC
Target Device                      : xc6slx16-3-csg324

---- Source Options
Top Module Name                    : june5
Automatic FSM Extraction           : YES
FSM Encoding Algorithm             : Auto
Safe Implementation                : No
FSM Style                          : LUT
RAM Extraction                     : Yes
RAM Style                          : Auto
ROM Extraction                     : Yes
Shift Register Extraction          : YES
ROM Style                          : Auto
Resource Sharing                   : YES
Asynchronous To Synchronous        : NO
Shift Register Minimum Size        : 2
Use DSP Block                      : Auto
Automatic Register Balancing       : No

---- Target Options
LUT Combining                      : Auto
Reduce Control Sets                : Auto
Add IO Buffers                     : YES
Global Maximum Fanout              : 100000
Add Generic Clock Buffer(BUFG)     : 16
Register Duplication               : YES
Optimize Instantiated Primitives   : NO
Use Clock Enable                   : Auto
Use Synchronous Set                : Auto
Use Synchronous Reset              : Auto
Pack IO Registers into IOBs        : Auto
Equivalent register Removal        : YES

---- General Options
Optimization Goal                  : Speed
Optimization Effort                : 1
Power Reduction                    : NO
Keep Hierarchy                     : No
Netlist Hierarchy                  : As_Optimized
RTL Output                         : Yes
Global Optimization                : AllClockNets
Read Cores                         : YES
Write Timing Constraints           : NO
Cross Clock Analysis               : NO
Hierarchy Separator                : /
Bus Delimiter                      : <>
Case Specifier                     : Maintain
Slice Utilization Ratio            : 100
BRAM Utilization Ratio             : 100
DSP48 Utilization Ratio            : 100
Auto BRAM Packing                  : NO
Slice Utilization Ratio Delta      : 5

=========================================================================


=========================================================================
*                          HDL Parsing                                  *
=========================================================================
Analyzing Verilog file "C:\lab\june5\june5.v" into library work
Parsing module <june5>.
Parsing module <clk_1>.

=========================================================================
*                            HDL Elaboration                            *
=========================================================================

Elaborating module <june5>.

Elaborating module <clk_1(N=13500000)>.
WARNING:HDLCompiler:413 - "C:\lab\june5\june5.v" Line 43: Result of 5-bit expression is truncated to fit in 4-bit target.

=========================================================================
*                           HDL Synthesis                               *
=========================================================================

Synthesizing Unit <june5>.
    Related source file is "C:\lab\june5\june5.v".
    Found 4-bit register for signal <ctr>.
    Found 3-bit register for signal <LED>.
    Found 1-bit register for signal <LED3>.
    Found 4-bit adder for signal <ctr[3]_GND_1_o_add_1_OUT> created at line 43.
    Found 4-bit comparator greater for signal <ctr[3]_PWR_1_o_LessThan_1_o> created at line 42
    Summary:
	inferred   1 Adder/Subtractor(s).
	inferred   8 D-type flip-flop(s).
	inferred   1 Comparator(s).
	inferred   2 Multiplexer(s).
Unit <june5> synthesized.

Synthesizing Unit <clk_1>.
    Related source file is "C:\lab\june5\june5.v".
        N = 13500000
    Found 26-bit register for signal <cnt>.
    Found 1-bit register for signal <o_clk>.
    Found 26-bit adder for signal <cnt[25]_GND_2_o_add_1_OUT> created at line 82.
    Found 26-bit comparator greater for signal <cnt[25]_GND_2_o_LessThan_5_o> created at line 86
    Summary:
	inferred   1 Adder/Subtractor(s).
	inferred  27 D-type flip-flop(s).
	inferred   1 Comparator(s).
	inferred   1 Multiplexer(s).
Unit <clk_1> synthesized.

=========================================================================
HDL Synthesis Report

Macro Statistics
# Adders/Subtractors                                   : 2
 26-bit adder                                          : 1
 4-bit adder                                           : 1
# Registers                                            : 5
 1-bit register                                        : 2
 26-bit register                                       : 1
 3-bit register                                        : 1
 4-bit register                                        : 1
# Comparators                                          : 2
 26-bit comparator greater                             : 1
 4-bit comparator greater                              : 1
# Multiplexers                                         : 3
 26-bit 2-to-1 multiplexer                             : 1
 3-bit 2-to-1 multiplexer                              : 1
 4-bit 2-to-1 multiplexer                              : 1

=========================================================================

=========================================================================
*                       Advanced HDL Synthesis                          *
=========================================================================


Synthesizing (advanced) Unit <clk_1>.
The following registers are absorbed into counter <cnt>: 1 register on signal <cnt>.
Unit <clk_1> synthesized (advanced).

Synthesizing (advanced) Unit <june5>.
The following registers are absorbed into counter <ctr>: 1 register on signal <ctr>.
Unit <june5> synthesized (advanced).

=========================================================================
Advanced HDL Synthesis Report

Macro Statistics
# Counters                                             : 2
 26-bit up counter                                     : 1
 4-bit up counter                                      : 1
# Registers                                            : 5
 Flip-Flops                                            : 5
# Comparators                                          : 2
 26-bit comparator greater                             : 1
 4-bit comparator greater                              : 1
# Multiplexers                                         : 1
 3-bit 2-to-1 multiplexer                              : 1

=========================================================================

=========================================================================
*                         Low Level Synthesis                           *
=========================================================================

Optimizing unit <june5> ...

Mapping all equations...
Building and optimizing final netlist ...
Found area constraint ratio of 100 (+ 5) on block june5, actual ratio is 1.

Final Macro Processing ...

=========================================================================
Final Register Report

Macro Statistics
# Registers                                            : 35
 Flip-Flops                                            : 35

=========================================================================

=========================================================================
*                           Partition Report                            *
=========================================================================

Partition Implementation Status
-------------------------------

  No Partitions were found in this design.

-------------------------------

=========================================================================
*                            Design Summary                             *
=========================================================================

Top Level Output File Name         : june5.ngc

Primitive and Black Box Usage:
------------------------------
# BELS                             : 134
#      GND                         : 1
#      INV                         : 1
#      LUT1                        : 25
#      LUT2                        : 30
#      LUT3                        : 4
#      LUT4                        : 4
#      LUT5                        : 5
#      LUT6                        : 6
#      MUXCY                       : 31
#      VCC                         : 1
#      XORCY                       : 26
# FlipFlops/Latches                : 35
#      FDC                         : 31
#      FDCE                        : 4
# Clock Buffers                    : 1
#      BUFGP                       : 1
# IO Buffers                       : 6
#      IBUF                        : 2
#      OBUF                        : 4

Device utilization summary:
---------------------------

Selected Device : 6slx16csg324-3 


Slice Logic Utilization: 
 Number of Slice Registers:              34  out of  18224     0%  
 Number of Slice LUTs:                   75  out of   9112     0%  
    Number used as Logic:                75  out of   9112     0%  

Slice Logic Distribution: 
 Number of LUT Flip Flop pairs used:     76
   Number with an unused Flip Flop:      42  out of     76    55%  
   Number with an unused LUT:             1  out of     76     1%  
   Number of fully used LUT-FF pairs:    33  out of     76    43%  
   Number of unique control sets:         4

IO Utilization: 
 Number of IOs:                           7
 Number of bonded IOBs:                   7  out of    232     3%  
    IOB Flip Flops/Latches:               1

Specific Feature Utilization:
 Number of BUFG/BUFGCTRLs:                1  out of     16     6%  

---------------------------
Partition Resource Summary:
---------------------------

  No Partitions were found in this design.

---------------------------


=========================================================================
Timing Report

NOTE: THESE TIMING NUMBERS ARE ONLY A SYNTHESIS ESTIMATE.
      FOR ACCURATE TIMING INFORMATION PLEASE REFER TO THE TRACE REPORT
      GENERATED AFTER PLACE-and-ROUTE.

Clock Information:
------------------
-----------------------------------+------------------------+-------+
Clock Signal                       | Clock buffer(FF name)  | Load  |
-----------------------------------+------------------------+-------+
clk                                | BUFGP                  | 28    |
clk1/o_clk                         | NONE(LED_0)            | 7     |
-----------------------------------+------------------------+-------+
INFO:Xst:2169 - HDL ADVISOR - Some clock signals were not automatically buffered by XST with BUFG/BUFR resources. Please use the buffer_type constraint in order to insert these buffers to the clock signals to help prevent skew problems.

Asynchronous Control Signals Information:
----------------------------------------
No asynchronous control signals found in this design

Timing Summary:
---------------
Speed Grade: -3

   Minimum period: 3.981ns (Maximum Frequency: 251.218MHz)
   Minimum input arrival time before clock: 2.986ns
   Maximum output required time after clock: 3.634ns
   Maximum combinational path delay: No path found

Timing Details:
---------------
All values displayed in nanoseconds (ns)

=========================================================================
Timing constraint: Default period analysis for Clock 'clk1/o_clk'
  Clock period: 2.567ns (frequency: 389.522MHz)
  Total number of paths / destination ports: 32 / 10
-------------------------------------------------------------------------
Delay:               2.567ns (Levels of Logic = 1)
  Source:            ctr_3 (FF)
  Destination:       LED_0 (FF)
  Source Clock:      clk1/o_clk rising
  Destination Clock: clk1/o_clk rising

  Data Path: ctr_3 to LED_0
                                Gate     Net
    Cell:in->out      fanout   Delay   Delay  Logical Name (Net Name)
    ----------------------------------------  ------------
     FDC:C->Q              5   0.447   0.943  ctr_3 (ctr_3)
     LUT4:I1->O            3   0.205   0.650  _n0053_inv1 (_n0053_inv)
     FDCE:CE                   0.322          LED_0
    ----------------------------------------
    Total                      2.567ns (0.974ns logic, 1.593ns route)
                                       (37.9% logic, 62.1% route)

=========================================================================
Timing constraint: Default period analysis for Clock 'clk'
  Clock period: 3.981ns (frequency: 251.218MHz)
  Total number of paths / destination ports: 1062 / 27
-------------------------------------------------------------------------
Delay:               3.981ns (Levels of Logic = 3)
  Source:            clk1/cnt_10 (FF)
  Destination:       clk1/cnt_0 (FF)
  Source Clock:      clk rising
  Destination Clock: clk rising

  Data Path: clk1/cnt_10 to clk1/cnt_0
                                Gate     Net
    Cell:in->out      fanout   Delay   Delay  Logical Name (Net Name)
    ----------------------------------------  ------------
     FDC:C->Q              3   0.447   1.015  clk1/cnt_10 (clk1/cnt_10)
     LUT6:I0->O            2   0.203   0.845  clk1/GND_2_o_GND_2_o_equal_1_o<25>2 (clk1/GND_2_o_GND_2_o_equal_1_o<25>1)
     LUT6:I3->O           14   0.205   0.958  clk1/GND_2_o_GND_2_o_equal_1_o<25>5 (clk1/GND_2_o_GND_2_o_equal_1_o)
     LUT2:I1->O            1   0.205   0.000  clk1/Mcount_cnt_eqn_01 (clk1/Mcount_cnt_eqn_0)
     FDC:D                     0.102          clk1/cnt_0
    ----------------------------------------
    Total                      3.981ns (1.162ns logic, 2.819ns route)
                                       (29.2% logic, 70.8% route)

=========================================================================
Timing constraint: Default OFFSET IN BEFORE for Clock 'clk'
  Total number of paths / destination ports: 29 / 29
-------------------------------------------------------------------------
Offset:              2.986ns (Levels of Logic = 1)
  Source:            rst (PAD)
  Destination:       LED3 (FF)
  Destination Clock: clk rising

  Data Path: rst to LED3
                                Gate     Net
    Cell:in->out      fanout   Delay   Delay  Logical Name (Net Name)
    ----------------------------------------  ------------
     IBUF:I->O            35   1.222   1.334  rst_IBUF (rst_IBUF)
     FDCE:CLR                  0.430          LED3
    ----------------------------------------
    Total                      2.986ns (1.652ns logic, 1.334ns route)
                                       (55.3% logic, 44.7% route)

=========================================================================
Timing constraint: Default OFFSET IN BEFORE for Clock 'clk1/o_clk'
  Total number of paths / destination ports: 7 / 7
-------------------------------------------------------------------------
Offset:              2.986ns (Levels of Logic = 1)
  Source:            rst (PAD)
  Destination:       LED_0 (FF)
  Destination Clock: clk1/o_clk rising

  Data Path: rst to LED_0
                                Gate     Net
    Cell:in->out      fanout   Delay   Delay  Logical Name (Net Name)
    ----------------------------------------  ------------
     IBUF:I->O            35   1.222   1.334  rst_IBUF (rst_IBUF)
     FDCE:CLR                  0.430          LED_0
    ----------------------------------------
    Total                      2.986ns (1.652ns logic, 1.334ns route)
                                       (55.3% logic, 44.7% route)

=========================================================================
Timing constraint: Default OFFSET OUT AFTER for Clock 'clk1/o_clk'
  Total number of paths / destination ports: 3 / 3
-------------------------------------------------------------------------
Offset:              3.634ns (Levels of Logic = 1)
  Source:            LED_2 (FF)
  Destination:       LED<2> (PAD)
  Source Clock:      clk1/o_clk rising

  Data Path: LED_2 to LED<2>
                                Gate     Net
    Cell:in->out      fanout   Delay   Delay  Logical Name (Net Name)
    ----------------------------------------  ------------
     FDCE:C->Q             2   0.447   0.616  LED_2 (LED_2)
     OBUF:I->O                 2.571          LED_2_OBUF (LED<2>)
    ----------------------------------------
    Total                      3.634ns (3.018ns logic, 0.616ns route)
                                       (83.0% logic, 17.0% route)

=========================================================================
Timing constraint: Default OFFSET OUT AFTER for Clock 'clk'
  Total number of paths / destination ports: 1 / 1
-------------------------------------------------------------------------
Offset:              3.597ns (Levels of Logic = 1)
  Source:            LED3 (FF)
  Destination:       LED3 (PAD)
  Source Clock:      clk rising

  Data Path: LED3 to LED3
                                Gate     Net
    Cell:in->out      fanout   Delay   Delay  Logical Name (Net Name)
    ----------------------------------------  ------------
     FDCE:C->Q             1   0.447   0.579  LED3 (LED3_OBUF)
     OBUF:I->O                 2.571          LED3_OBUF (LED3)
    ----------------------------------------
    Total                      3.597ns (3.018ns logic, 0.579ns route)
                                       (83.9% logic, 16.1% route)

=========================================================================

Cross Clock Domains Report:
--------------------------

Clock to Setup on destination clock clk
---------------+---------+---------+---------+---------+
               | Src:Rise| Src:Fall| Src:Rise| Src:Fall|
Source Clock   |Dest:Rise|Dest:Rise|Dest:Fall|Dest:Fall|
---------------+---------+---------+---------+---------+
clk            |    3.981|         |         |         |
clk1/o_clk     |    2.398|         |         |         |
---------------+---------+---------+---------+---------+

Clock to Setup on destination clock clk1/o_clk
---------------+---------+---------+---------+---------+
               | Src:Rise| Src:Fall| Src:Rise| Src:Fall|
Source Clock   |Dest:Rise|Dest:Rise|Dest:Fall|Dest:Fall|
---------------+---------+---------+---------+---------+
clk1/o_clk     |    2.567|         |         |         |
---------------+---------+---------+---------+---------+

=========================================================================


Total REAL time to Xst completion: 4.00 secs
Total CPU time to Xst completion: 3.89 secs
 
--> 

Total memory usage is 4486236 kilobytes

Number of errors   :    0 (   0 filtered)
Number of warnings :    1 (   0 filtered)
Number of infos    :    1 (   0 filtered)

