Release 14.7 - xst P.20131013 (nt64)
Copyright (c) 1995-2013 Xilinx, Inc.  All rights reserved.
--> Parameter TMPDIR set to xst/projnav.tmp


Total REAL time to Xst completion: 0.00 secs
Total CPU time to Xst completion: 0.09 secs
 
--> Parameter xsthdpdir set to xst


Total REAL time to Xst completion: 0.00 secs
Total CPU time to Xst completion: 0.09 secs
 
--> Reading design: may29.prj

TABLE OF CONTENTS
  1) Synthesis Options Summary
  2) HDL Parsing
  3) HDL Elaboration
  4) HDL Synthesis
       4.1) HDL Synthesis Report
  5) Advanced HDL Synthesis
       5.1) Advanced HDL Synthesis Report
  6) Low Level Synthesis
  7) Partition Report
  8) Design Summary
       8.1) Primitive and Black Box Usage
       8.2) Device utilization summary
       8.3) Partition Resource Summary
       8.4) Timing Report
            8.4.1) Clock Information
            8.4.2) Asynchronous Control Signals Information
            8.4.3) Timing Summary
            8.4.4) Timing Details
            8.4.5) Cross Clock Domains Report


=========================================================================
*                      Synthesis Options Summary                        *
=========================================================================
---- Source Parameters
Input File Name                    : "may29.prj"
Ignore Synthesis Constraint File   : NO

---- Target Parameters
Output File Name                   : "may29"
Output Format                      : NGC
Target Device                      : xc6slx16-3-csg324

---- Source Options
Top Module Name                    : may29
Automatic FSM Extraction           : YES
FSM Encoding Algorithm             : Auto
Safe Implementation                : No
FSM Style                          : LUT
RAM Extraction                     : Yes
RAM Style                          : Auto
ROM Extraction                     : Yes
Shift Register Extraction          : YES
ROM Style                          : Auto
Resource Sharing                   : YES
Asynchronous To Synchronous        : NO
Shift Register Minimum Size        : 2
Use DSP Block                      : Auto
Automatic Register Balancing       : No

---- Target Options
LUT Combining                      : Auto
Reduce Control Sets                : Auto
Add IO Buffers                     : YES
Global Maximum Fanout              : 100000
Add Generic Clock Buffer(BUFG)     : 16
Register Duplication               : YES
Optimize Instantiated Primitives   : NO
Use Clock Enable                   : Auto
Use Synchronous Set                : Auto
Use Synchronous Reset              : Auto
Pack IO Registers into IOBs        : Auto
Equivalent register Removal        : YES

---- General Options
Optimization Goal                  : Speed
Optimization Effort                : 1
Power Reduction                    : NO
Keep Hierarchy                     : No
Netlist Hierarchy                  : As_Optimized
RTL Output                         : Yes
Global Optimization                : AllClockNets
Read Cores                         : YES
Write Timing Constraints           : NO
Cross Clock Analysis               : NO
Hierarchy Separator                : /
Bus Delimiter                      : <>
Case Specifier                     : Maintain
Slice Utilization Ratio            : 100
BRAM Utilization Ratio             : 100
DSP48 Utilization Ratio            : 100
Auto BRAM Packing                  : NO
Slice Utilization Ratio Delta      : 5

=========================================================================


=========================================================================
*                          HDL Parsing                                  *
=========================================================================
Analyzing Verilog file "C:\lab\may29\may29.v" into library work
Parsing module <may29>.
Parsing module <clk_1>.

=========================================================================
*                            HDL Elaboration                            *
=========================================================================

Elaborating module <may29>.

Elaborating module <clk_1(N=27000000)>.
WARNING:HDLCompiler:413 - "C:\lab\may29\may29.v" Line 48: Result of 5-bit expression is truncated to fit in 4-bit target.

=========================================================================
*                           HDL Synthesis                               *
=========================================================================

Synthesizing Unit <may29>.
    Related source file is "C:\lab\may29\may29.v".
    Found 4-bit register for signal <ctr>.
    Found 16-bit register for signal <R>.
    Found 1-bit register for signal <pb>.
    Found 4-bit register for signal <LED>.
    Found 4-bit adder for signal <ctr[3]_GND_1_o_add_2_OUT> created at line 48.
    Found 16-bit 16-to-1 multiplexer for signal <ctr[3]_PWR_1_o_wide_mux_3_OUT> created at line 50.
    Summary:
	inferred   1 Adder/Subtractor(s).
	inferred  25 D-type flip-flop(s).
	inferred   1 Multiplexer(s).
Unit <may29> synthesized.

Synthesizing Unit <clk_1>.
    Related source file is "C:\lab\may29\may29.v".
        N = 27000000
    Found 26-bit register for signal <cnt>.
    Found 1-bit register for signal <o_clk>.
    Found 26-bit adder for signal <cnt[25]_GND_2_o_add_1_OUT> created at line 136.
    Found 26-bit comparator greater for signal <cnt[25]_GND_2_o_LessThan_5_o> created at line 140
    Summary:
	inferred   1 Adder/Subtractor(s).
	inferred  27 D-type flip-flop(s).
	inferred   1 Comparator(s).
	inferred   1 Multiplexer(s).
Unit <clk_1> synthesized.

=========================================================================
HDL Synthesis Report

Macro Statistics
# Adders/Subtractors                                   : 2
 26-bit adder                                          : 1
 4-bit adder                                           : 1
# Registers                                            : 6
 1-bit register                                        : 2
 16-bit register                                       : 1
 26-bit register                                       : 1
 4-bit register                                        : 2
# Comparators                                          : 1
 26-bit comparator greater                             : 1
# Multiplexers                                         : 2
 16-bit 16-to-1 multiplexer                            : 1
 26-bit 2-to-1 multiplexer                             : 1

=========================================================================

=========================================================================
*                       Advanced HDL Synthesis                          *
=========================================================================


Synthesizing (advanced) Unit <clk_1>.
The following registers are absorbed into counter <cnt>: 1 register on signal <cnt>.
Unit <clk_1> synthesized (advanced).

Synthesizing (advanced) Unit <may29>.
The following registers are absorbed into counter <ctr>: 1 register on signal <ctr>.
Unit <may29> synthesized (advanced).

=========================================================================
Advanced HDL Synthesis Report

Macro Statistics
# Counters                                             : 2
 26-bit up counter                                     : 1
 4-bit up counter                                      : 1
# Registers                                            : 22
 Flip-Flops                                            : 22
# Comparators                                          : 1
 26-bit comparator greater                             : 1
# Multiplexers                                         : 1
 16-bit 16-to-1 multiplexer                            : 1

=========================================================================

=========================================================================
*                         Low Level Synthesis                           *
=========================================================================
WARNING:Xst:2677 - Node <R_10> of sequential type is unconnected in block <may29>.
WARNING:Xst:2677 - Node <R_11> of sequential type is unconnected in block <may29>.
WARNING:Xst:2677 - Node <R_12> of sequential type is unconnected in block <may29>.
WARNING:Xst:2677 - Node <R_13> of sequential type is unconnected in block <may29>.
WARNING:Xst:2677 - Node <R_14> of sequential type is unconnected in block <may29>.
WARNING:Xst:2677 - Node <R_15> of sequential type is unconnected in block <may29>.

Optimizing unit <may29> ...
WARNING:Xst:1710 - FF/Latch <clk1/cnt_25> (without init value) has a constant value of 0 in block <may29>. This FF/Latch will be trimmed during the optimization process.

Mapping all equations...
Building and optimizing final netlist ...
Found area constraint ratio of 100 (+ 5) on block may29, actual ratio is 1.

Final Macro Processing ...

=========================================================================
Final Register Report

Macro Statistics
# Registers                                            : 45
 Flip-Flops                                            : 45

=========================================================================

=========================================================================
*                           Partition Report                            *
=========================================================================

Partition Implementation Status
-------------------------------

  No Partitions were found in this design.

-------------------------------

=========================================================================
*                            Design Summary                             *
=========================================================================

Top Level Output File Name         : may29.ngc

Primitive and Black Box Usage:
------------------------------
# BELS                             : 146
#      GND                         : 1
#      INV                         : 3
#      LUT1                        : 24
#      LUT2                        : 26
#      LUT3                        : 3
#      LUT4                        : 1
#      LUT5                        : 19
#      LUT6                        : 11
#      MUXCY                       : 30
#      MUXF7                       : 2
#      VCC                         : 1
#      XORCY                       : 25
# FlipFlops/Latches                : 45
#      FDC                         : 26
#      FDCE                        : 15
#      FDE                         : 4
# Clock Buffers                    : 1
#      BUFGP                       : 1
# IO Buffers                       : 10
#      IBUF                        : 6
#      OBUF                        : 4

Device utilization summary:
---------------------------

Selected Device : 6slx16csg324-3 


Slice Logic Utilization: 
 Number of Slice Registers:              45  out of  18224     0%  
 Number of Slice LUTs:                   87  out of   9112     0%  
    Number used as Logic:                87  out of   9112     0%  

Slice Logic Distribution: 
 Number of LUT Flip Flop pairs used:     89
   Number with an unused Flip Flop:      44  out of     89    49%  
   Number with an unused LUT:             2  out of     89     2%  
   Number of fully used LUT-FF pairs:    43  out of     89    48%  
   Number of unique control sets:         4

IO Utilization: 
 Number of IOs:                          11
 Number of bonded IOBs:                  11  out of    232     4%  

Specific Feature Utilization:
 Number of BUFG/BUFGCTRLs:                1  out of     16     6%  

---------------------------
Partition Resource Summary:
---------------------------

  No Partitions were found in this design.

---------------------------


=========================================================================
Timing Report

NOTE: THESE TIMING NUMBERS ARE ONLY A SYNTHESIS ESTIMATE.
      FOR ACCURATE TIMING INFORMATION PLEASE REFER TO THE TRACE REPORT
      GENERATED AFTER PLACE-and-ROUTE.

Clock Information:
------------------
-----------------------------------+------------------------+-------+
Clock Signal                       | Clock buffer(FF name)  | Load  |
-----------------------------------+------------------------+-------+
clk1/o_clk                         | NONE(pb)               | 19    |
clk                                | BUFGP                  | 26    |
-----------------------------------+------------------------+-------+
INFO:Xst:2169 - HDL ADVISOR - Some clock signals were not automatically buffered by XST with BUFG/BUFR resources. Please use the buffer_type constraint in order to insert these buffers to the clock signals to help prevent skew problems.

Asynchronous Control Signals Information:
----------------------------------------
No asynchronous control signals found in this design

Timing Summary:
---------------
Speed Grade: -3

   Minimum period: 3.968ns (Maximum Frequency: 252.000MHz)
   Minimum input arrival time before clock: 3.866ns
   Maximum output required time after clock: 3.668ns
   Maximum combinational path delay: No path found

Timing Details:
---------------
All values displayed in nanoseconds (ns)

=========================================================================
Timing constraint: Default period analysis for Clock 'clk1/o_clk'
  Clock period: 2.777ns (frequency: 360.088MHz)
  Total number of paths / destination ports: 96 / 32
-------------------------------------------------------------------------
Delay:               2.777ns (Levels of Logic = 3)
  Source:            R_4 (FF)
  Destination:       LED_3 (FF)
  Source Clock:      clk1/o_clk rising
  Destination Clock: clk1/o_clk rising

  Data Path: R_4 to LED_3
                                Gate     Net
    Cell:in->out      fanout   Delay   Delay  Logical Name (Net Name)
    ----------------------------------------  ------------
     FDCE:C->Q             3   0.447   0.879  R_4 (R_4)
     LUT6:I3->O            1   0.205   0.808  dip[3]_R[9]_select_14_OUT<3>2 (dip[3]_R[9]_select_14_OUT<3>2)
     LUT6:I3->O            1   0.205   0.000  dip[3]_R[9]_select_14_OUT<3>4_F (N6)
     MUXF7:I0->O           1   0.131   0.000  dip[3]_R[9]_select_14_OUT<3>4 (dip[3]_R[9]_select_14_OUT<3>)
     FDE:D                     0.102          LED_3
    ----------------------------------------
    Total                      2.777ns (1.090ns logic, 1.687ns route)
                                       (39.2% logic, 60.8% route)

=========================================================================
Timing constraint: Default period analysis for Clock 'clk'
  Clock period: 3.968ns (frequency: 252.000MHz)
  Total number of paths / destination ports: 981 / 26
-------------------------------------------------------------------------
Delay:               3.968ns (Levels of Logic = 3)
  Source:            clk1/cnt_22 (FF)
  Destination:       clk1/cnt_0 (FF)
  Source Clock:      clk rising
  Destination Clock: clk rising

  Data Path: clk1/cnt_22 to clk1/cnt_0
                                Gate     Net
    Cell:in->out      fanout   Delay   Delay  Logical Name (Net Name)
    ----------------------------------------  ------------
     FDC:C->Q              4   0.447   1.028  clk1/cnt_22 (clk1/cnt_22)
     LUT6:I1->O            2   0.203   0.845  clk1/GND_2_o_GND_2_o_equal_1_o<25>4 (clk1/GND_2_o_GND_2_o_equal_1_o<25>3)
     LUT6:I3->O           13   0.205   0.933  clk1/GND_2_o_GND_2_o_equal_1_o<25>5 (clk1/GND_2_o_GND_2_o_equal_1_o)
     LUT2:I1->O            1   0.205   0.000  clk1/Mcount_cnt_eqn_01 (clk1/Mcount_cnt_eqn_0)
     FDC:D                     0.102          clk1/cnt_0
    ----------------------------------------
    Total                      3.968ns (1.162ns logic, 2.806ns route)
                                       (29.3% logic, 70.7% route)

=========================================================================
Timing constraint: Default OFFSET IN BEFORE for Clock 'clk1/o_clk'
  Total number of paths / destination ports: 52 / 24
-------------------------------------------------------------------------
Offset:              3.866ns (Levels of Logic = 2)
  Source:            rst (PAD)
  Destination:       LED_0 (FF)
  Destination Clock: clk1/o_clk rising

  Data Path: rst to LED_0
                                Gate     Net
    Cell:in->out      fanout   Delay   Delay  Logical Name (Net Name)
    ----------------------------------------  ------------
     IBUF:I->O            42   1.222   1.433  rst_IBUF (rst_IBUF)
     INV:I->O              4   0.206   0.683  rst_inv1_INV_0 (rst_inv)
     FDE:CE                    0.322          LED_0
    ----------------------------------------
    Total                      3.866ns (1.750ns logic, 2.116ns route)
                                       (45.3% logic, 54.7% route)

=========================================================================
Timing constraint: Default OFFSET IN BEFORE for Clock 'clk'
  Total number of paths / destination ports: 26 / 26
-------------------------------------------------------------------------
Offset:              3.085ns (Levels of Logic = 1)
  Source:            rst (PAD)
  Destination:       clk1/o_clk (FF)
  Destination Clock: clk rising

  Data Path: rst to clk1/o_clk
                                Gate     Net
    Cell:in->out      fanout   Delay   Delay  Logical Name (Net Name)
    ----------------------------------------  ------------
     IBUF:I->O            42   1.222   1.433  rst_IBUF (rst_IBUF)
     FDC:CLR                   0.430          clk1/o_clk
    ----------------------------------------
    Total                      3.085ns (1.652ns logic, 1.433ns route)
                                       (53.5% logic, 46.5% route)

=========================================================================
Timing constraint: Default OFFSET OUT AFTER for Clock 'clk1/o_clk'
  Total number of paths / destination ports: 4 / 4
-------------------------------------------------------------------------
Offset:              3.668ns (Levels of Logic = 1)
  Source:            LED_3 (FF)
  Destination:       LED<3> (PAD)
  Source Clock:      clk1/o_clk rising

  Data Path: LED_3 to LED<3>
                                Gate     Net
    Cell:in->out      fanout   Delay   Delay  Logical Name (Net Name)
    ----------------------------------------  ------------
     FDE:C->Q              3   0.447   0.650  LED_3 (LED_3)
     OBUF:I->O                 2.571          LED_3_OBUF (LED<3>)
    ----------------------------------------
    Total                      3.668ns (3.018ns logic, 0.650ns route)
                                       (82.3% logic, 17.7% route)

=========================================================================

Cross Clock Domains Report:
--------------------------

Clock to Setup on destination clock clk
---------------+---------+---------+---------+---------+
               | Src:Rise| Src:Fall| Src:Rise| Src:Fall|
Source Clock   |Dest:Rise|Dest:Rise|Dest:Fall|Dest:Fall|
---------------+---------+---------+---------+---------+
clk            |    3.968|         |         |         |
---------------+---------+---------+---------+---------+

Clock to Setup on destination clock clk1/o_clk
---------------+---------+---------+---------+---------+
               | Src:Rise| Src:Fall| Src:Rise| Src:Fall|
Source Clock   |Dest:Rise|Dest:Rise|Dest:Fall|Dest:Fall|
---------------+---------+---------+---------+---------+
clk1/o_clk     |    2.777|         |         |         |
---------------+---------+---------+---------+---------+

=========================================================================


Total REAL time to Xst completion: 4.00 secs
Total CPU time to Xst completion: 4.11 secs
 
--> 

Total memory usage is 4486236 kilobytes

Number of errors   :    0 (   0 filtered)
Number of warnings :    8 (   0 filtered)
Number of infos    :    1 (   0 filtered)

