Release 14.7 - xst P.20131013 (nt64)
Copyright (c) 1995-2013 Xilinx, Inc.  All rights reserved.
--> Parameter TMPDIR set to xst/projnav.tmp


Total REAL time to Xst completion: 0.00 secs
Total CPU time to Xst completion: 0.08 secs
 
--> Parameter xsthdpdir set to xst


Total REAL time to Xst completion: 0.00 secs
Total CPU time to Xst completion: 0.09 secs
 
--> Reading design: may22.prj

TABLE OF CONTENTS
  1) Synthesis Options Summary
  2) HDL Parsing
  3) HDL Elaboration
  4) HDL Synthesis
       4.1) HDL Synthesis Report
  5) Advanced HDL Synthesis
       5.1) Advanced HDL Synthesis Report
  6) Low Level Synthesis
  7) Partition Report
  8) Design Summary
       8.1) Primitive and Black Box Usage
       8.2) Device utilization summary
       8.3) Partition Resource Summary
       8.4) Timing Report
            8.4.1) Clock Information
            8.4.2) Asynchronous Control Signals Information
            8.4.3) Timing Summary
            8.4.4) Timing Details
            8.4.5) Cross Clock Domains Report


=========================================================================
*                      Synthesis Options Summary                        *
=========================================================================
---- Source Parameters
Input File Name                    : "may22.prj"
Ignore Synthesis Constraint File   : NO

---- Target Parameters
Output File Name                   : "may22"
Output Format                      : NGC
Target Device                      : xc6slx16-3-csg324

---- Source Options
Top Module Name                    : may22
Automatic FSM Extraction           : YES
FSM Encoding Algorithm             : Auto
Safe Implementation                : No
FSM Style                          : LUT
RAM Extraction                     : Yes
RAM Style                          : Auto
ROM Extraction                     : Yes
Shift Register Extraction          : YES
ROM Style                          : Auto
Resource Sharing                   : YES
Asynchronous To Synchronous        : NO
Shift Register Minimum Size        : 2
Use DSP Block                      : Auto
Automatic Register Balancing       : No

---- Target Options
LUT Combining                      : Auto
Reduce Control Sets                : Auto
Add IO Buffers                     : YES
Global Maximum Fanout              : 100000
Add Generic Clock Buffer(BUFG)     : 16
Register Duplication               : YES
Optimize Instantiated Primitives   : NO
Use Clock Enable                   : Auto
Use Synchronous Set                : Auto
Use Synchronous Reset              : Auto
Pack IO Registers into IOBs        : Auto
Equivalent register Removal        : YES

---- General Options
Optimization Goal                  : Speed
Optimization Effort                : 1
Power Reduction                    : NO
Keep Hierarchy                     : No
Netlist Hierarchy                  : As_Optimized
RTL Output                         : Yes
Global Optimization                : AllClockNets
Read Cores                         : YES
Write Timing Constraints           : NO
Cross Clock Analysis               : NO
Hierarchy Separator                : /
Bus Delimiter                      : <>
Case Specifier                     : Maintain
Slice Utilization Ratio            : 100
BRAM Utilization Ratio             : 100
DSP48 Utilization Ratio            : 100
Auto BRAM Packing                  : NO
Slice Utilization Ratio Delta      : 5

=========================================================================


=========================================================================
*                          HDL Parsing                                  *
=========================================================================
Analyzing Verilog file "C:\lab\may22\may22.v" into library work
Parsing module <may22>.

=========================================================================
*                            HDL Elaboration                            *
=========================================================================

Elaborating module <may22>.
WARNING:HDLCompiler:413 - "C:\lab\may22\may22.v" Line 38: Result of 5-bit expression is truncated to fit in 4-bit target.

=========================================================================
*                           HDL Synthesis                               *
=========================================================================

Synthesizing Unit <may22>.
    Related source file is "C:\lab\may22\may22.v".
    Found 4-bit register for signal <w>.
    Found 4-bit register for signal <LED>.
    Found 3-bit adder for signal <n0027[2:0]> created at line 38.
    Found 4-bit adder for signal <GND_1_o_PWR_1_o_add_2_OUT> created at line 38.
    Found 3x1-bit multiplier for signal <n0029> created at line 38.
    Found 4-bit comparator greater for signal <GND_1_o_w[3]_LessThan_4_o> created at line 39
    Found 4-bit comparator greater for signal <GND_1_o_w[3]_LessThan_5_o> created at line 41
    Found 4-bit comparator greater for signal <GND_1_o_w[3]_LessThan_6_o> created at line 43
    Summary:
	inferred   1 Multiplier(s).
	inferred   2 Adder/Subtractor(s).
	inferred   8 D-type flip-flop(s).
	inferred   3 Comparator(s).
	inferred   1 Multiplexer(s).
Unit <may22> synthesized.

=========================================================================
HDL Synthesis Report

Macro Statistics
# Multipliers                                          : 1
 3x1-bit multiplier                                    : 1
# Adders/Subtractors                                   : 2
 3-bit adder                                           : 1
 4-bit adder                                           : 1
# Registers                                            : 2
 4-bit register                                        : 2
# Comparators                                          : 3
 4-bit comparator greater                              : 3
# Multiplexers                                         : 1
 4-bit 2-to-1 multiplexer                              : 1

=========================================================================

=========================================================================
*                       Advanced HDL Synthesis                          *
=========================================================================


Synthesizing (advanced) Unit <may22>.
	Multiplier <Mmult_n0029> in block <may22> and adder/subtractor <Madd_GND_1_o_PWR_1_o_add_2_OUT> in block <may22> are combined into a MAC<Maddsub_n0029>.
Unit <may22> synthesized (advanced).

=========================================================================
Advanced HDL Synthesis Report

Macro Statistics
# MACs                                                 : 1
 3x1-to-4-bit MAC                                      : 1
# Adders/Subtractors                                   : 1
 3-bit adder                                           : 1
# Registers                                            : 8
 Flip-Flops                                            : 8
# Comparators                                          : 3
 4-bit comparator greater                              : 3

=========================================================================

=========================================================================
*                         Low Level Synthesis                           *
=========================================================================
WARNING:Xst:1710 - FF/Latch <LED_0> (without init value) has a constant value of 1 in block <may22>. This FF/Latch will be trimmed during the optimization process.
WARNING:Xst:1710 - FF/Latch <w_0> (without init value) has a constant value of 0 in block <may22>. This FF/Latch will be trimmed during the optimization process.

Optimizing unit <may22> ...

Mapping all equations...
Building and optimizing final netlist ...
Found area constraint ratio of 100 (+ 5) on block may22, actual ratio is 0.

Final Macro Processing ...

=========================================================================
Final Register Report

Macro Statistics
# Registers                                            : 6
 Flip-Flops                                            : 6

=========================================================================

=========================================================================
*                           Partition Report                            *
=========================================================================

Partition Implementation Status
-------------------------------

  No Partitions were found in this design.

-------------------------------

=========================================================================
*                            Design Summary                             *
=========================================================================

Top Level Output File Name         : may22.ngc

Primitive and Black Box Usage:
------------------------------
# BELS                             : 7
#      LUT3                        : 4
#      LUT4                        : 1
#      LUT5                        : 1
#      VCC                         : 1
# FlipFlops/Latches                : 6
#      FD                          : 3
#      FDC                         : 3
# Clock Buffers                    : 1
#      BUFGP                       : 1
# IO Buffers                       : 8
#      IBUF                        : 4
#      OBUF                        : 4

Device utilization summary:
---------------------------

Selected Device : 6slx16csg324-3 


Slice Logic Utilization: 
 Number of Slice Registers:               6  out of  18224     0%  
 Number of Slice LUTs:                    6  out of   9112     0%  
    Number used as Logic:                 6  out of   9112     0%  

Slice Logic Distribution: 
 Number of LUT Flip Flop pairs used:     12
   Number with an unused Flip Flop:       6  out of     12    50%  
   Number with an unused LUT:             6  out of     12    50%  
   Number of fully used LUT-FF pairs:     0  out of     12     0%  
   Number of unique control sets:         2

IO Utilization: 
 Number of IOs:                           9
 Number of bonded IOBs:                   9  out of    232     3%  

Specific Feature Utilization:
 Number of BUFG/BUFGCTRLs:                1  out of     16     6%  

---------------------------
Partition Resource Summary:
---------------------------

  No Partitions were found in this design.

---------------------------


=========================================================================
Timing Report

NOTE: THESE TIMING NUMBERS ARE ONLY A SYNTHESIS ESTIMATE.
      FOR ACCURATE TIMING INFORMATION PLEASE REFER TO THE TRACE REPORT
      GENERATED AFTER PLACE-and-ROUTE.

Clock Information:
------------------
-----------------------------------+------------------------+-------+
Clock Signal                       | Clock buffer(FF name)  | Load  |
-----------------------------------+------------------------+-------+
clk                                | BUFGP                  | 6     |
-----------------------------------+------------------------+-------+

Asynchronous Control Signals Information:
----------------------------------------
No asynchronous control signals found in this design

Timing Summary:
---------------
Speed Grade: -3

   Minimum period: 1.616ns (Maximum Frequency: 618.716MHz)
   Minimum input arrival time before clock: 2.616ns
   Maximum output required time after clock: 3.634ns
   Maximum combinational path delay: No path found

Timing Details:
---------------
All values displayed in nanoseconds (ns)

=========================================================================
Timing constraint: Default period analysis for Clock 'clk'
  Clock period: 1.616ns (frequency: 618.716MHz)
  Total number of paths / destination ports: 9 / 3
-------------------------------------------------------------------------
Delay:               1.616ns (Levels of Logic = 1)
  Source:            w_2 (FF)
  Destination:       LED_2 (FF)
  Source Clock:      clk rising
  Destination Clock: clk rising

  Data Path: w_2 to LED_2
                                Gate     Net
    Cell:in->out      fanout   Delay   Delay  Logical Name (Net Name)
    ----------------------------------------  ------------
     FDC:C->Q              2   0.447   0.864  w_2 (w_2)
     LUT5:I1->O            1   0.203   0.000  LED_2_rstpot (LED_2_rstpot)
     FD:D                      0.102          LED_2
    ----------------------------------------
    Total                      1.616ns (0.752ns logic, 0.864ns route)
                                       (46.5% logic, 53.5% route)

=========================================================================
Timing constraint: Default OFFSET IN BEFORE for Clock 'clk'
  Total number of paths / destination ports: 15 / 9
-------------------------------------------------------------------------
Offset:              2.616ns (Levels of Logic = 2)
  Source:            rst (PAD)
  Destination:       LED_2 (FF)
  Destination Clock: clk rising

  Data Path: rst to LED_2
                                Gate     Net
    Cell:in->out      fanout   Delay   Delay  Logical Name (Net Name)
    ----------------------------------------  ------------
     IBUF:I->O             6   1.222   1.089  rst_IBUF (rst_IBUF)
     LUT5:I0->O            1   0.203   0.000  LED_2_rstpot (LED_2_rstpot)
     FD:D                      0.102          LED_2
    ----------------------------------------
    Total                      2.616ns (1.527ns logic, 1.089ns route)
                                       (58.4% logic, 41.6% route)

=========================================================================
Timing constraint: Default OFFSET OUT AFTER for Clock 'clk'
  Total number of paths / destination ports: 3 / 3
-------------------------------------------------------------------------
Offset:              3.634ns (Levels of Logic = 1)
  Source:            LED_3 (FF)
  Destination:       LED<3> (PAD)
  Source Clock:      clk rising

  Data Path: LED_3 to LED<3>
                                Gate     Net
    Cell:in->out      fanout   Delay   Delay  Logical Name (Net Name)
    ----------------------------------------  ------------
     FD:C->Q               2   0.447   0.616  LED_3 (LED_3)
     OBUF:I->O                 2.571          LED_3_OBUF (LED<3>)
    ----------------------------------------
    Total                      3.634ns (3.018ns logic, 0.616ns route)
                                       (83.0% logic, 17.0% route)

=========================================================================

Cross Clock Domains Report:
--------------------------

Clock to Setup on destination clock clk
---------------+---------+---------+---------+---------+
               | Src:Rise| Src:Fall| Src:Rise| Src:Fall|
Source Clock   |Dest:Rise|Dest:Rise|Dest:Fall|Dest:Fall|
---------------+---------+---------+---------+---------+
clk            |    1.616|         |         |         |
---------------+---------+---------+---------+---------+

=========================================================================


Total REAL time to Xst completion: 3.00 secs
Total CPU time to Xst completion: 3.92 secs
 
--> 

Total memory usage is 4486236 kilobytes

Number of errors   :    0 (   0 filtered)
Number of warnings :    3 (   0 filtered)
Number of infos    :    0 (   0 filtered)

