Running: fuse.exe -relaunch -intstyle "ise" -incremental -lib "unisims_ver" -lib "unimacro_ver" -lib "xilinxcorelib_ver" -lib "secureip" -o "C:/lab/mar27/ctr_tb_isim_beh.exe" -prj "C:/lab/mar27/ctr_tb_beh.prj" "work.ctr_tb" "work.glbl" 
ISim P.20131013 (signature 0x7708f090)
Number of CPUs detected in this system: 8
Turning on mult-threading, number of parallel sub-compilation jobs: 16 
Determining compilation order of HDL files
Analyzing Verilog file "C:/lab/mar27/ctr.v" into library work
Analyzing Verilog file "C:/lab/mar27/ctr_tb.v" into library work
Analyzing Verilog file "C:/Xilinx/14.7/ISE_DS/ISE//verilog/src/glbl.v" into library work
Starting static elaboration
Completed static elaboration
Compiling module ctr
Compiling module ctr_tb
Compiling module glbl
Time Resolution for simulation is 1ps.
Waiting for 1 sub-compilation(s) to finish...
WARNING:Simulator - Unable to copy libPortabilityNOSH.dll to the simulation executable directory: boost::filesystem::copy_file: 系統找不到指定的路徑。, "isim\ctr_tb_isim_beh.exe.sim\libPortability.dll".
Compiled 3 Verilog Units
Built simulation executable C:/lab/mar27/ctr_tb_isim_beh.exe
Fuse Memory Usage: 27476 KB
Fuse CPU Usage: 359 ms
