Release 14.7 - xst P.20131013 (nt64)
Copyright (c) 1995-2013 Xilinx, Inc.  All rights reserved.
--> Parameter TMPDIR set to xst/projnav.tmp


Total REAL time to Xst completion: 0.00 secs
Total CPU time to Xst completion: 0.09 secs
 
--> Parameter xsthdpdir set to xst


Total REAL time to Xst completion: 0.00 secs
Total CPU time to Xst completion: 0.09 secs
 
--> Reading design: may1.prj

TABLE OF CONTENTS
  1) Synthesis Options Summary
  2) HDL Parsing
  3) HDL Elaboration
  4) HDL Synthesis
       4.1) HDL Synthesis Report
  5) Advanced HDL Synthesis
       5.1) Advanced HDL Synthesis Report
  6) Low Level Synthesis
  7) Partition Report
  8) Design Summary
       8.1) Primitive and Black Box Usage
       8.2) Device utilization summary
       8.3) Partition Resource Summary
       8.4) Timing Report
            8.4.1) Clock Information
            8.4.2) Asynchronous Control Signals Information
            8.4.3) Timing Summary
            8.4.4) Timing Details
            8.4.5) Cross Clock Domains Report


=========================================================================
*                      Synthesis Options Summary                        *
=========================================================================
---- Source Parameters
Input File Name                    : "may1.prj"
Ignore Synthesis Constraint File   : NO

---- Target Parameters
Output File Name                   : "may1"
Output Format                      : NGC
Target Device                      : xc6slx16-3-csg324

---- Source Options
Top Module Name                    : may1
Automatic FSM Extraction           : YES
FSM Encoding Algorithm             : Auto
Safe Implementation                : No
FSM Style                          : LUT
RAM Extraction                     : Yes
RAM Style                          : Auto
ROM Extraction                     : Yes
Shift Register Extraction          : YES
ROM Style                          : Auto
Resource Sharing                   : YES
Asynchronous To Synchronous        : NO
Shift Register Minimum Size        : 2
Use DSP Block                      : Auto
Automatic Register Balancing       : No

---- Target Options
LUT Combining                      : Auto
Reduce Control Sets                : Auto
Add IO Buffers                     : YES
Global Maximum Fanout              : 100000
Add Generic Clock Buffer(BUFG)     : 16
Register Duplication               : YES
Optimize Instantiated Primitives   : NO
Use Clock Enable                   : Auto
Use Synchronous Set                : Auto
Use Synchronous Reset              : Auto
Pack IO Registers into IOBs        : Auto
Equivalent register Removal        : YES

---- General Options
Optimization Goal                  : Speed
Optimization Effort                : 1
Power Reduction                    : NO
Keep Hierarchy                     : No
Netlist Hierarchy                  : As_Optimized
RTL Output                         : Yes
Global Optimization                : AllClockNets
Read Cores                         : YES
Write Timing Constraints           : NO
Cross Clock Analysis               : NO
Hierarchy Separator                : /
Bus Delimiter                      : <>
Case Specifier                     : Maintain
Slice Utilization Ratio            : 100
BRAM Utilization Ratio             : 100
DSP48 Utilization Ratio            : 100
Auto BRAM Packing                  : NO
Slice Utilization Ratio Delta      : 5

=========================================================================


=========================================================================
*                          HDL Parsing                                  *
=========================================================================
Analyzing Verilog file "C:\lab\may1\may1.v" into library work
Parsing module <may1>.
Parsing module <clk_1>.

=========================================================================
*                            HDL Elaboration                            *
=========================================================================

Elaborating module <may1>.

Elaborating module <clk_1(N=27000000)>.
WARNING:HDLCompiler:413 - "C:\lab\may1\may1.v" Line 53: Result of 5-bit expression is truncated to fit in 4-bit target.
WARNING:HDLCompiler:413 - "C:\lab\may1\may1.v" Line 70: Result of 4-bit expression is truncated to fit in 3-bit target.
WARNING:HDLCompiler:413 - "C:\lab\may1\may1.v" Line 80: Result of 32-bit expression is truncated to fit in 3-bit target.
WARNING:HDLCompiler:1127 - "C:\lab\may1\may1.v" Line 35: Assignment to DIPREG ignored, since the identifier is never used

=========================================================================
*                           HDL Synthesis                               *
=========================================================================

Synthesizing Unit <may1>.
    Related source file is "C:\lab\may1\may1.v".
    Found 3-bit register for signal <err_state>.
    Found 4-bit register for signal <crr_state>.
    Found 4-bit register for signal <LED>.
    Found 4-bit adder for signal <crr_state[3]_GND_1_o_add_1_OUT> created at line 53.
    Found 3-bit adder for signal <err_state[2]_GND_1_o_add_4_OUT> created at line 70.
    Found 3-bit subtractor for signal <GND_1_o_GND_1_o_sub_6_OUT<2:0>> created at line 80.
    Found 4-bit comparator greater for signal <PWR_1_o_crr_state[3]_LessThan_1_o> created at line 50
    Summary:
	inferred   2 Adder/Subtractor(s).
	inferred  11 D-type flip-flop(s).
	inferred   1 Comparator(s).
	inferred  12 Multiplexer(s).
Unit <may1> synthesized.

Synthesizing Unit <clk_1>.
    Related source file is "C:\lab\may1\may1.v".
        N = 27000000
    Found 26-bit register for signal <cnt>.
    Found 1-bit register for signal <o_clk>.
    Found 26-bit adder for signal <cnt[25]_GND_2_o_add_1_OUT> created at line 99.
    Found 26-bit comparator greater for signal <cnt[25]_GND_2_o_LessThan_5_o> created at line 103
    Summary:
	inferred   1 Adder/Subtractor(s).
	inferred  27 D-type flip-flop(s).
	inferred   1 Comparator(s).
	inferred   1 Multiplexer(s).
Unit <clk_1> synthesized.

=========================================================================
HDL Synthesis Report

Macro Statistics
# Adders/Subtractors                                   : 3
 26-bit adder                                          : 1
 3-bit addsub                                          : 1
 4-bit adder                                           : 1
# Registers                                            : 5
 1-bit register                                        : 1
 26-bit register                                       : 1
 3-bit register                                        : 1
 4-bit register                                        : 2
# Comparators                                          : 2
 26-bit comparator greater                             : 1
 4-bit comparator greater                              : 1
# Multiplexers                                         : 13
 26-bit 2-to-1 multiplexer                             : 1
 4-bit 2-to-1 multiplexer                              : 12

=========================================================================

=========================================================================
*                       Advanced HDL Synthesis                          *
=========================================================================


Synthesizing (advanced) Unit <clk_1>.
The following registers are absorbed into counter <cnt>: 1 register on signal <cnt>.
Unit <clk_1> synthesized (advanced).

Synthesizing (advanced) Unit <may1>.
The following registers are absorbed into counter <err_state>: 1 register on signal <err_state>.
The following registers are absorbed into counter <crr_state>: 1 register on signal <crr_state>.
Unit <may1> synthesized (advanced).

=========================================================================
Advanced HDL Synthesis Report

Macro Statistics
# Counters                                             : 3
 26-bit up counter                                     : 1
 3-bit updown counter                                  : 1
 4-bit up counter                                      : 1
# Registers                                            : 5
 Flip-Flops                                            : 5
# Comparators                                          : 2
 26-bit comparator greater                             : 1
 4-bit comparator greater                              : 1
# Multiplexers                                         : 11
 4-bit 2-to-1 multiplexer                              : 11

=========================================================================

=========================================================================
*                         Low Level Synthesis                           *
=========================================================================

Optimizing unit <may1> ...
WARNING:Xst:1710 - FF/Latch <clk1/cnt_25> (without init value) has a constant value of 0 in block <may1>. This FF/Latch will be trimmed during the optimization process.

Mapping all equations...
Building and optimizing final netlist ...
Found area constraint ratio of 100 (+ 5) on block may1, actual ratio is 1.

Final Macro Processing ...

=========================================================================
Final Register Report

Macro Statistics
# Registers                                            : 37
 Flip-Flops                                            : 37

=========================================================================

=========================================================================
*                           Partition Report                            *
=========================================================================

Partition Implementation Status
-------------------------------

  No Partitions were found in this design.

-------------------------------

=========================================================================
*                            Design Summary                             *
=========================================================================

Top Level Output File Name         : may1.ngc

Primitive and Black Box Usage:
------------------------------
# BELS                             : 138
#      GND                         : 1
#      INV                         : 2
#      LUT1                        : 24
#      LUT2                        : 26
#      LUT3                        : 4
#      LUT4                        : 7
#      LUT5                        : 8
#      LUT6                        : 10
#      MUXCY                       : 30
#      VCC                         : 1
#      XORCY                       : 25
# FlipFlops/Latches                : 37
#      FDC                         : 26
#      FDCE                        : 11
# Clock Buffers                    : 1
#      BUFGP                       : 1
# IO Buffers                       : 13
#      IBUF                        : 9
#      OBUF                        : 4

Device utilization summary:
---------------------------

Selected Device : 6slx16csg324-3 


Slice Logic Utilization: 
 Number of Slice Registers:              37  out of  18224     0%  
 Number of Slice LUTs:                   81  out of   9112     0%  
    Number used as Logic:                81  out of   9112     0%  

Slice Logic Distribution: 
 Number of LUT Flip Flop pairs used:     82
   Number with an unused Flip Flop:      45  out of     82    54%  
   Number with an unused LUT:             1  out of     82     1%  
   Number of fully used LUT-FF pairs:    36  out of     82    43%  
   Number of unique control sets:         4

IO Utilization: 
 Number of IOs:                          14
 Number of bonded IOBs:                  14  out of    232     6%  

Specific Feature Utilization:
 Number of BUFG/BUFGCTRLs:                1  out of     16     6%  

---------------------------
Partition Resource Summary:
---------------------------

  No Partitions were found in this design.

---------------------------


=========================================================================
Timing Report

NOTE: THESE TIMING NUMBERS ARE ONLY A SYNTHESIS ESTIMATE.
      FOR ACCURATE TIMING INFORMATION PLEASE REFER TO THE TRACE REPORT
      GENERATED AFTER PLACE-and-ROUTE.

Clock Information:
------------------
-----------------------------------+------------------------+-------+
Clock Signal                       | Clock buffer(FF name)  | Load  |
-----------------------------------+------------------------+-------+
clk1/o_clk                         | NONE(LED_0)            | 11    |
clk                                | BUFGP                  | 26    |
-----------------------------------+------------------------+-------+
INFO:Xst:2169 - HDL ADVISOR - Some clock signals were not automatically buffered by XST with BUFG/BUFR resources. Please use the buffer_type constraint in order to insert these buffers to the clock signals to help prevent skew problems.

Asynchronous Control Signals Information:
----------------------------------------
No asynchronous control signals found in this design

Timing Summary:
---------------
Speed Grade: -3

   Minimum period: 3.968ns (Maximum Frequency: 252.000MHz)
   Minimum input arrival time before clock: 4.903ns
   Maximum output required time after clock: 3.597ns
   Maximum combinational path delay: No path found

Timing Details:
---------------
All values displayed in nanoseconds (ns)

=========================================================================
Timing constraint: Default period analysis for Clock 'clk1/o_clk'
  Clock period: 3.074ns (frequency: 325.320MHz)
  Total number of paths / destination ports: 76 / 15
-------------------------------------------------------------------------
Delay:               3.074ns (Levels of Logic = 2)
  Source:            crr_state_3 (FF)
  Destination:       LED_0 (FF)
  Source Clock:      clk1/o_clk rising
  Destination Clock: clk1/o_clk rising

  Data Path: crr_state_3 to LED_0
                                Gate     Net
    Cell:in->out      fanout   Delay   Delay  Logical Name (Net Name)
    ----------------------------------------  ------------
     FDCE:C->Q             7   0.447   1.138  crr_state_3 (crr_state_3)
     LUT6:I0->O            2   0.203   0.981  Mmux__n0044231 (Mmux__n004423)
     LUT6:I0->O            1   0.203   0.000  Mmux__n004421 (_n0044<0>)
     FDCE:D                    0.102          LED_0
    ----------------------------------------
    Total                      3.074ns (0.955ns logic, 2.119ns route)
                                       (31.1% logic, 68.9% route)

=========================================================================
Timing constraint: Default period analysis for Clock 'clk'
  Clock period: 3.968ns (frequency: 252.000MHz)
  Total number of paths / destination ports: 981 / 26
-------------------------------------------------------------------------
Delay:               3.968ns (Levels of Logic = 3)
  Source:            clk1/cnt_22 (FF)
  Destination:       clk1/cnt_0 (FF)
  Source Clock:      clk rising
  Destination Clock: clk rising

  Data Path: clk1/cnt_22 to clk1/cnt_0
                                Gate     Net
    Cell:in->out      fanout   Delay   Delay  Logical Name (Net Name)
    ----------------------------------------  ------------
     FDC:C->Q              4   0.447   1.028  clk1/cnt_22 (clk1/cnt_22)
     LUT6:I1->O            2   0.203   0.845  clk1/GND_2_o_GND_2_o_equal_1_o<25>4 (clk1/GND_2_o_GND_2_o_equal_1_o<25>3)
     LUT6:I3->O           13   0.205   0.933  clk1/GND_2_o_GND_2_o_equal_1_o<25>5 (clk1/GND_2_o_GND_2_o_equal_1_o)
     LUT2:I1->O            1   0.205   0.000  clk1/Mcount_cnt_eqn_01 (clk1/Mcount_cnt_eqn_0)
     FDC:D                     0.102          clk1/cnt_0
    ----------------------------------------
    Total                      3.968ns (1.162ns logic, 2.806ns route)
                                       (29.3% logic, 70.7% route)

=========================================================================
Timing constraint: Default OFFSET IN BEFORE for Clock 'clk1/o_clk'
  Total number of paths / destination ports: 107 / 26
-------------------------------------------------------------------------
Offset:              4.903ns (Levels of Logic = 4)
  Source:            DIP<0> (PAD)
  Destination:       LED_3 (FF)
  Destination Clock: clk1/o_clk rising

  Data Path: DIP<0> to LED_3
                                Gate     Net
    Cell:in->out      fanout   Delay   Delay  Logical Name (Net Name)
    ----------------------------------------  ------------
     IBUF:I->O             4   1.222   0.931  DIP_0_IBUF (DIP_0_IBUF)
     LUT4:I0->O            6   0.203   0.992  DIP[3]_PWR_1_o_equal_9_o_inv1 (DIP[3]_PWR_1_o_equal_9_o_inv)
     LUT4:I0->O            4   0.203   1.048  Mmux__n0044631 (Mmux__n004463)
     LUT6:I0->O            1   0.203   0.000  Mmux__n004462 (_n0044<3>)
     FDCE:D                    0.102          LED_3
    ----------------------------------------
    Total                      4.903ns (1.933ns logic, 2.970ns route)
                                       (39.4% logic, 60.6% route)

=========================================================================
Timing constraint: Default OFFSET IN BEFORE for Clock 'clk'
  Total number of paths / destination ports: 26 / 26
-------------------------------------------------------------------------
Offset:              3.014ns (Levels of Logic = 1)
  Source:            rst (PAD)
  Destination:       clk1/o_clk (FF)
  Destination Clock: clk rising

  Data Path: rst to clk1/o_clk
                                Gate     Net
    Cell:in->out      fanout   Delay   Delay  Logical Name (Net Name)
    ----------------------------------------  ------------
     IBUF:I->O            37   1.222   1.362  rst_IBUF (rst_IBUF)
     FDC:CLR                   0.430          clk1/o_clk
    ----------------------------------------
    Total                      3.014ns (1.652ns logic, 1.362ns route)
                                       (54.8% logic, 45.2% route)

=========================================================================
Timing constraint: Default OFFSET OUT AFTER for Clock 'clk1/o_clk'
  Total number of paths / destination ports: 4 / 4
-------------------------------------------------------------------------
Offset:              3.597ns (Levels of Logic = 1)
  Source:            LED_3 (FF)
  Destination:       LED<3> (PAD)
  Source Clock:      clk1/o_clk rising

  Data Path: LED_3 to LED<3>
                                Gate     Net
    Cell:in->out      fanout   Delay   Delay  Logical Name (Net Name)
    ----------------------------------------  ------------
     FDCE:C->Q             1   0.447   0.579  LED_3 (LED_3)
     OBUF:I->O                 2.571          LED_3_OBUF (LED<3>)
    ----------------------------------------
    Total                      3.597ns (3.018ns logic, 0.579ns route)
                                       (83.9% logic, 16.1% route)

=========================================================================

Cross Clock Domains Report:
--------------------------

Clock to Setup on destination clock clk
---------------+---------+---------+---------+---------+
               | Src:Rise| Src:Fall| Src:Rise| Src:Fall|
Source Clock   |Dest:Rise|Dest:Rise|Dest:Fall|Dest:Fall|
---------------+---------+---------+---------+---------+
clk            |    3.968|         |         |         |
---------------+---------+---------+---------+---------+

Clock to Setup on destination clock clk1/o_clk
---------------+---------+---------+---------+---------+
               | Src:Rise| Src:Fall| Src:Rise| Src:Fall|
Source Clock   |Dest:Rise|Dest:Rise|Dest:Fall|Dest:Fall|
---------------+---------+---------+---------+---------+
clk1/o_clk     |    3.074|         |         |         |
---------------+---------+---------+---------+---------+

=========================================================================


Total REAL time to Xst completion: 4.00 secs
Total CPU time to Xst completion: 4.09 secs
 
--> 

Total memory usage is 4486236 kilobytes

Number of errors   :    0 (   0 filtered)
Number of warnings :    5 (   0 filtered)
Number of infos    :    1 (   0 filtered)

