Running: C:\Xilinx\14.7\ISE_DS\ISE\bin\nt64\unwrapped\fuse.exe -intstyle ise -incremental -lib unisims_ver -lib unimacro_ver -lib xilinxcorelib_ver -lib secureip -o C:/Users/User/Desktop/fpga/ex3/ex3_tb_isim_beh.exe -prj C:/Users/User/Desktop/fpga/ex3/ex3_tb_beh.prj work.ex3_tb work.glbl 
ISim P.20131013 (signature 0x7708f090)
Number of CPUs detected in this system: 8
Turning on mult-threading, number of parallel sub-compilation jobs: 16 
Determining compilation order of HDL files
Analyzing Verilog file "C:/Users/User/Desktop/fpga/ex3/ex3.v" into library work
Analyzing Verilog file "C:/Users/User/Desktop/fpga/ex3/ex3_tb.v" into library work
Analyzing Verilog file "C:/Xilinx/14.7/ISE_DS/ISE//verilog/src/glbl.v" into library work
Starting static elaboration
Completed static elaboration
Compiling module ex3
Compiling module ex3_tb
Compiling module glbl
Time Resolution for simulation is 1ps.
Waiting for 1 sub-compilation(s) to finish...
WARNING:Simulator - Unable to copy libPortabilityNOSH.dll to the simulation executable directory: boost::filesystem::copy_file: 系統找不到指定的路徑。, "isim\ex3_tb_isim_beh.exe.sim\libPortability.dll".
Compiled 3 Verilog Units
Built simulation executable C:/Users/User/Desktop/fpga/ex3/ex3_tb_isim_beh.exe
Fuse Memory Usage: 27732 KB
Fuse CPU Usage: 280 ms
