Release 14.7 - xst P.20131013 (nt64)
Copyright (c) 1995-2013 Xilinx, Inc.  All rights reserved.
--> Parameter TMPDIR set to xst/projnav.tmp


Total REAL time to Xst completion: 1.00 secs
Total CPU time to Xst completion: 0.09 secs
 
--> Parameter xsthdpdir set to xst


Total REAL time to Xst completion: 1.00 secs
Total CPU time to Xst completion: 0.09 secs
 
--> Reading design: may8.prj

TABLE OF CONTENTS
  1) Synthesis Options Summary
  2) HDL Parsing
  3) HDL Elaboration
  4) HDL Synthesis
       4.1) HDL Synthesis Report
  5) Advanced HDL Synthesis
       5.1) Advanced HDL Synthesis Report
  6) Low Level Synthesis
  7) Partition Report
  8) Design Summary
       8.1) Primitive and Black Box Usage
       8.2) Device utilization summary
       8.3) Partition Resource Summary
       8.4) Timing Report
            8.4.1) Clock Information
            8.4.2) Asynchronous Control Signals Information
            8.4.3) Timing Summary
            8.4.4) Timing Details
            8.4.5) Cross Clock Domains Report


=========================================================================
*                      Synthesis Options Summary                        *
=========================================================================
---- Source Parameters
Input File Name                    : "may8.prj"
Ignore Synthesis Constraint File   : NO

---- Target Parameters
Output File Name                   : "may8"
Output Format                      : NGC
Target Device                      : xc6slx16-3-csg324

---- Source Options
Top Module Name                    : may8
Automatic FSM Extraction           : YES
FSM Encoding Algorithm             : Auto
Safe Implementation                : No
FSM Style                          : LUT
RAM Extraction                     : Yes
RAM Style                          : Auto
ROM Extraction                     : Yes
Shift Register Extraction          : YES
ROM Style                          : Auto
Resource Sharing                   : YES
Asynchronous To Synchronous        : NO
Shift Register Minimum Size        : 2
Use DSP Block                      : Auto
Automatic Register Balancing       : No

---- Target Options
LUT Combining                      : Auto
Reduce Control Sets                : Auto
Add IO Buffers                     : YES
Global Maximum Fanout              : 100000
Add Generic Clock Buffer(BUFG)     : 16
Register Duplication               : YES
Optimize Instantiated Primitives   : NO
Use Clock Enable                   : Auto
Use Synchronous Set                : Auto
Use Synchronous Reset              : Auto
Pack IO Registers into IOBs        : Auto
Equivalent register Removal        : YES

---- General Options
Optimization Goal                  : Speed
Optimization Effort                : 1
Power Reduction                    : NO
Keep Hierarchy                     : No
Netlist Hierarchy                  : As_Optimized
RTL Output                         : Yes
Global Optimization                : AllClockNets
Read Cores                         : YES
Write Timing Constraints           : NO
Cross Clock Analysis               : NO
Hierarchy Separator                : /
Bus Delimiter                      : <>
Case Specifier                     : Maintain
Slice Utilization Ratio            : 100
BRAM Utilization Ratio             : 100
DSP48 Utilization Ratio            : 100
Auto BRAM Packing                  : NO
Slice Utilization Ratio Delta      : 5

=========================================================================


=========================================================================
*                          HDL Parsing                                  *
=========================================================================
Analyzing Verilog file "C:\lab\may8\may8.v" into library work
Parsing module <may8>.
WARNING:HDLCompiler:751 - "C:\lab\may8\may8.v" Line 28: Redeclaration of ansi port LED is not allowed
Parsing module <clk_1>.

=========================================================================
*                            HDL Elaboration                            *
=========================================================================

Elaborating module <may8>.

Elaborating module <clk_1(N=27000000)>.
WARNING:HDLCompiler:413 - "C:\lab\may8\may8.v" Line 48: Result of 4-bit expression is truncated to fit in 3-bit target.
WARNING:HDLCompiler:413 - "C:\lab\may8\may8.v" Line 66: Result of 4-bit expression is truncated to fit in 3-bit target.

=========================================================================
*                           HDL Synthesis                               *
=========================================================================

Synthesizing Unit <may8>.
    Related source file is "C:\lab\may8\may8.v".
    Found 3-bit register for signal <op_state>.
    Found 3-bit register for signal <cl_state>.
    Found 4-bit register for signal <LED>.
    Found 3-bit adder for signal <op_state[2]_GND_1_o_add_2_OUT> created at line 48.
    Found 3-bit adder for signal <cl_state[2]_GND_1_o_add_12_OUT> created at line 66.
    Found 3-bit comparator lessequal for signal <op_state[2]_PWR_1_o_LessThan_2_o> created at line 47
    Found 3-bit comparator lessequal for signal <cl_state[2]_PWR_1_o_LessThan_12_o> created at line 65
    Summary:
	inferred   2 Adder/Subtractor(s).
	inferred  10 D-type flip-flop(s).
	inferred   2 Comparator(s).
	inferred   1 Multiplexer(s).
Unit <may8> synthesized.

Synthesizing Unit <clk_1>.
    Related source file is "C:\lab\may8\may8.v".
        N = 27000000
    Found 26-bit register for signal <cnt>.
    Found 1-bit register for signal <o_clk>.
    Found 26-bit adder for signal <cnt[25]_GND_2_o_add_1_OUT> created at line 96.
    Found 26-bit comparator greater for signal <cnt[25]_GND_2_o_LessThan_5_o> created at line 100
    Summary:
	inferred   1 Adder/Subtractor(s).
	inferred  27 D-type flip-flop(s).
	inferred   1 Comparator(s).
	inferred   1 Multiplexer(s).
Unit <clk_1> synthesized.

=========================================================================
HDL Synthesis Report

Macro Statistics
# Adders/Subtractors                                   : 3
 26-bit adder                                          : 1
 3-bit adder                                           : 2
# Registers                                            : 5
 1-bit register                                        : 1
 26-bit register                                       : 1
 3-bit register                                        : 2
 4-bit register                                        : 1
# Comparators                                          : 3
 26-bit comparator greater                             : 1
 3-bit comparator lessequal                            : 2
# Multiplexers                                         : 2
 26-bit 2-to-1 multiplexer                             : 1
 4-bit 2-to-1 multiplexer                              : 1

=========================================================================

=========================================================================
*                       Advanced HDL Synthesis                          *
=========================================================================


Synthesizing (advanced) Unit <clk_1>.
The following registers are absorbed into counter <cnt>: 1 register on signal <cnt>.
Unit <clk_1> synthesized (advanced).

Synthesizing (advanced) Unit <may8>.
The following registers are absorbed into counter <op_state>: 1 register on signal <op_state>.
The following registers are absorbed into counter <cl_state>: 1 register on signal <cl_state>.
Unit <may8> synthesized (advanced).

=========================================================================
Advanced HDL Synthesis Report

Macro Statistics
# Counters                                             : 3
 26-bit up counter                                     : 1
 3-bit up counter                                      : 2
# Registers                                            : 5
 Flip-Flops                                            : 5
# Comparators                                          : 3
 26-bit comparator greater                             : 1
 3-bit comparator lessequal                            : 2
# Multiplexers                                         : 1
 4-bit 2-to-1 multiplexer                              : 1

=========================================================================

=========================================================================
*                         Low Level Synthesis                           *
=========================================================================

Optimizing unit <may8> ...
WARNING:Xst:1710 - FF/Latch <clk1/cnt_25> (without init value) has a constant value of 0 in block <may8>. This FF/Latch will be trimmed during the optimization process.

Mapping all equations...
Building and optimizing final netlist ...
Found area constraint ratio of 100 (+ 5) on block may8, actual ratio is 1.

Final Macro Processing ...

=========================================================================
Final Register Report

Macro Statistics
# Registers                                            : 36
 Flip-Flops                                            : 36

=========================================================================

=========================================================================
*                           Partition Report                            *
=========================================================================

Partition Implementation Status
-------------------------------

  No Partitions were found in this design.

-------------------------------

=========================================================================
*                            Design Summary                             *
=========================================================================

Top Level Output File Name         : may8.ngc

Primitive and Black Box Usage:
------------------------------
# BELS                             : 137
#      GND                         : 1
#      INV                         : 3
#      LUT1                        : 24
#      LUT2                        : 28
#      LUT3                        : 5
#      LUT4                        : 4
#      LUT5                        : 7
#      LUT6                        : 9
#      MUXCY                       : 30
#      VCC                         : 1
#      XORCY                       : 25
# FlipFlops/Latches                : 36
#      FDC                         : 26
#      FDCE                        : 10
# Clock Buffers                    : 1
#      BUFGP                       : 1
# IO Buffers                       : 7
#      IBUF                        : 3
#      OBUF                        : 4

Device utilization summary:
---------------------------

Selected Device : 6slx16csg324-3 


Slice Logic Utilization: 
 Number of Slice Registers:              36  out of  18224     0%  
 Number of Slice LUTs:                   80  out of   9112     0%  
    Number used as Logic:                80  out of   9112     0%  

Slice Logic Distribution: 
 Number of LUT Flip Flop pairs used:     81
   Number with an unused Flip Flop:      45  out of     81    55%  
   Number with an unused LUT:             1  out of     81     1%  
   Number of fully used LUT-FF pairs:    35  out of     81    43%  
   Number of unique control sets:         4

IO Utilization: 
 Number of IOs:                           8
 Number of bonded IOBs:                   8  out of    232     3%  

Specific Feature Utilization:
 Number of BUFG/BUFGCTRLs:                1  out of     16     6%  

---------------------------
Partition Resource Summary:
---------------------------

  No Partitions were found in this design.

---------------------------


=========================================================================
Timing Report

NOTE: THESE TIMING NUMBERS ARE ONLY A SYNTHESIS ESTIMATE.
      FOR ACCURATE TIMING INFORMATION PLEASE REFER TO THE TRACE REPORT
      GENERATED AFTER PLACE-and-ROUTE.

Clock Information:
------------------
-----------------------------------+------------------------+-------+
Clock Signal                       | Clock buffer(FF name)  | Load  |
-----------------------------------+------------------------+-------+
clk1/o_clk                         | NONE(LED_0)            | 10    |
clk                                | BUFGP                  | 26    |
-----------------------------------+------------------------+-------+
INFO:Xst:2169 - HDL ADVISOR - Some clock signals were not automatically buffered by XST with BUFG/BUFR resources. Please use the buffer_type constraint in order to insert these buffers to the clock signals to help prevent skew problems.

Asynchronous Control Signals Information:
----------------------------------------
No asynchronous control signals found in this design

Timing Summary:
---------------
Speed Grade: -3

   Minimum period: 3.968ns (Maximum Frequency: 252.000MHz)
   Minimum input arrival time before clock: 3.515ns
   Maximum output required time after clock: 3.668ns
   Maximum combinational path delay: No path found

Timing Details:
---------------
All values displayed in nanoseconds (ns)

=========================================================================
Timing constraint: Default period analysis for Clock 'clk1/o_clk'
  Clock period: 2.655ns (frequency: 376.676MHz)
  Total number of paths / destination ports: 61 / 16
-------------------------------------------------------------------------
Delay:               2.655ns (Levels of Logic = 1)
  Source:            op_state_0 (FF)
  Destination:       op_state_0 (FF)
  Source Clock:      clk1/o_clk rising
  Destination Clock: clk1/o_clk rising

  Data Path: op_state_0 to op_state_0
                                Gate     Net
    Cell:in->out      fanout   Delay   Delay  Logical Name (Net Name)
    ----------------------------------------  ------------
     FDCE:C->Q             8   0.447   1.031  op_state_0 (op_state_0)
     LUT4:I1->O            3   0.205   0.650  _n0059_inv1 (_n0059_inv)
     FDCE:CE                   0.322          op_state_0
    ----------------------------------------
    Total                      2.655ns (0.974ns logic, 1.681ns route)
                                       (36.7% logic, 63.3% route)

=========================================================================
Timing constraint: Default period analysis for Clock 'clk'
  Clock period: 3.968ns (frequency: 252.000MHz)
  Total number of paths / destination ports: 981 / 26
-------------------------------------------------------------------------
Delay:               3.968ns (Levels of Logic = 3)
  Source:            clk1/cnt_22 (FF)
  Destination:       clk1/cnt_0 (FF)
  Source Clock:      clk rising
  Destination Clock: clk rising

  Data Path: clk1/cnt_22 to clk1/cnt_0
                                Gate     Net
    Cell:in->out      fanout   Delay   Delay  Logical Name (Net Name)
    ----------------------------------------  ------------
     FDC:C->Q              4   0.447   1.028  clk1/cnt_22 (clk1/cnt_22)
     LUT6:I1->O            2   0.203   0.845  clk1/GND_2_o_GND_2_o_equal_1_o<25>4 (clk1/GND_2_o_GND_2_o_equal_1_o<25>3)
     LUT6:I3->O           13   0.205   0.933  clk1/GND_2_o_GND_2_o_equal_1_o<25>5 (clk1/GND_2_o_GND_2_o_equal_1_o)
     LUT2:I1->O            1   0.205   0.000  clk1/Mcount_cnt_eqn_01 (clk1/Mcount_cnt_eqn_0)
     FDC:D                     0.102          clk1/cnt_0
    ----------------------------------------
    Total                      3.968ns (1.162ns logic, 2.806ns route)
                                       (29.3% logic, 70.7% route)

=========================================================================
Timing constraint: Default OFFSET IN BEFORE for Clock 'clk1/o_clk'
  Total number of paths / destination ports: 31 / 24
-------------------------------------------------------------------------
Offset:              3.515ns (Levels of Logic = 2)
  Source:            sensor<0> (PAD)
  Destination:       cl_state_0 (FF)
  Destination Clock: clk1/o_clk rising

  Data Path: sensor<0> to cl_state_0
                                Gate     Net
    Cell:in->out      fanout   Delay   Delay  Logical Name (Net Name)
    ----------------------------------------  ------------
     IBUF:I->O             7   1.222   1.118  sensor_0_IBUF (sensor_0_IBUF)
     LUT5:I0->O            3   0.203   0.650  _n0066_inv1 (_n0066_inv)
     FDCE:CE                   0.322          cl_state_0
    ----------------------------------------
    Total                      3.515ns (1.747ns logic, 1.768ns route)
                                       (49.7% logic, 50.3% route)

=========================================================================
Timing constraint: Default OFFSET IN BEFORE for Clock 'clk'
  Total number of paths / destination ports: 26 / 26
-------------------------------------------------------------------------
Offset:              3.000ns (Levels of Logic = 1)
  Source:            rst (PAD)
  Destination:       clk1/o_clk (FF)
  Destination Clock: clk rising

  Data Path: rst to clk1/o_clk
                                Gate     Net
    Cell:in->out      fanout   Delay   Delay  Logical Name (Net Name)
    ----------------------------------------  ------------
     IBUF:I->O            36   1.222   1.348  rst_IBUF (rst_IBUF)
     FDC:CLR                   0.430          clk1/o_clk
    ----------------------------------------
    Total                      3.000ns (1.652ns logic, 1.348ns route)
                                       (55.1% logic, 44.9% route)

=========================================================================
Timing constraint: Default OFFSET OUT AFTER for Clock 'clk1/o_clk'
  Total number of paths / destination ports: 4 / 4
-------------------------------------------------------------------------
Offset:              3.668ns (Levels of Logic = 1)
  Source:            LED_2 (FF)
  Destination:       LED<2> (PAD)
  Source Clock:      clk1/o_clk rising

  Data Path: LED_2 to LED<2>
                                Gate     Net
    Cell:in->out      fanout   Delay   Delay  Logical Name (Net Name)
    ----------------------------------------  ------------
     FDCE:C->Q             3   0.447   0.650  LED_2 (LED_2)
     OBUF:I->O                 2.571          LED_2_OBUF (LED<2>)
    ----------------------------------------
    Total                      3.668ns (3.018ns logic, 0.650ns route)
                                       (82.3% logic, 17.7% route)

=========================================================================

Cross Clock Domains Report:
--------------------------

Clock to Setup on destination clock clk
---------------+---------+---------+---------+---------+
               | Src:Rise| Src:Fall| Src:Rise| Src:Fall|
Source Clock   |Dest:Rise|Dest:Rise|Dest:Fall|Dest:Fall|
---------------+---------+---------+---------+---------+
clk            |    3.968|         |         |         |
---------------+---------+---------+---------+---------+

Clock to Setup on destination clock clk1/o_clk
---------------+---------+---------+---------+---------+
               | Src:Rise| Src:Fall| Src:Rise| Src:Fall|
Source Clock   |Dest:Rise|Dest:Rise|Dest:Fall|Dest:Fall|
---------------+---------+---------+---------+---------+
clk1/o_clk     |    2.655|         |         |         |
---------------+---------+---------+---------+---------+

=========================================================================


Total REAL time to Xst completion: 5.00 secs
Total CPU time to Xst completion: 4.61 secs
 
--> 

Total memory usage is 4486236 kilobytes

Number of errors   :    0 (   0 filtered)
Number of warnings :    4 (   0 filtered)
Number of infos    :    1 (   0 filtered)

