#-----------------------------------------------------------
# PlanAhead v14.7 (64-bit)
# Build 321239 by xbuild on Fri Sep 27 19:29:51 MDT 2013
# Start of session at: Mon May 08 10:48:24 2023
# Process ID: 3776
# Log file: C:/lab/may8/planAhead_run_3/planAhead.log
# Journal file: C:/lab/may8/planAhead_run_3/planAhead.jou
#-----------------------------------------------------------
INFO: [Common 17-78] Attempting to get a license: PlanAhead
INFO: [Common 17-290] Got license for PlanAhead
INFO: [Common 17-86] Your PlanAhead license expires in -342 day(s)
INFO: [Device 21-36] Loading parts and site information from C:/Xilinx/14.7/ISE_DS/PlanAhead/data/parts/arch.xml
Parsing RTL primitives file [C:/Xilinx/14.7/ISE_DS/PlanAhead/data/parts/xilinx/rtl/prims/rtl_prims.xml]
Finished parsing RTL primitives file [C:/Xilinx/14.7/ISE_DS/PlanAhead/data/parts/xilinx/rtl/prims/rtl_prims.xml]
start_gui
source C:/lab/may8/pa.fromHdl.tcl
# create_project -name may8 -dir "C:/lab/may8/planAhead_run_3" -part xc6slx16csg324-3
ERROR: [Common 17-53] User Exception: Project already exists on disk, please use '-force' option to overwrite: 
     C:/lab/may8/planAhead_run_3/may8.ppr
     C:/lab/may8/planAhead_run_3/may8.data

    while executing
"create_project -name may8 -dir "C:/lab/may8/planAhead_run_3" -part xc6slx16csg324-3"
    (file "C:/lab/may8/pa.fromHdl.tcl" line 4)
exit
INFO: [Common 17-206] Exiting PlanAhead at Mon May 08 11:47:35 2023...
INFO: [Common 17-83] Releasing license: PlanAhead
